  Building Custom Rule C:/Users/curro.LAPTOP-DUBBS74R/OneDrive/Documentos/Programming/C++/Tetris/SFML/src/SFML/Audio/CMakeLists.txt
  ALCheck.cpp
  AlResource.cpp
  AudioDevice.cpp
  Listener.cpp
  Music.cpp
  Sound.cpp
  SoundBuffer.cpp
  SoundBufferRecorder.cpp
  InputSoundFile.cpp
  OutputSoundFile.cpp
  SoundRecorder.cpp
  SoundSource.cpp
  SoundStream.cpp
  SoundFileFactory.cpp
  SoundFileReaderFlac.cpp
  SoundFileReaderOgg.cpp
  SoundFileReaderWav.cpp
  SoundFileWriterFlac.cpp
  SoundFileWriterOgg.cpp
  SoundFileWriterWav.cpp
  Generando código...
  sfml-audio.vcxproj -> C:\Users\curro.LAPTOP-DUBBS74R\OneDrive\Documentos\Programming\C++\Tetris\build\MSVC\VS16\SFML\lib\Debug\sfml-audio-s-d.lib
