  Building Custom Rule C:/Users/curro.LAPTOP-DUBBS74R/OneDrive/Documentos/Programming/C++/Tetris/Tetris/CMakeLists.txt
  all.cpp
C:\Users\curro.LAPTOP-DUBBS74R\OneDrive\Documentos\Programming\C++\Tetris\Tetris\src\all.cpp(30,19): warning C4018: '<': no coinciden signed/unsigned
C:\Users\curro.LAPTOP-DUBBS74R\OneDrive\Documentos\Programming\C++\Tetris\Tetris\src\all.cpp(39,19): warning C4018: '<': no coinciden signed/unsigned
C:\Users\curro.LAPTOP-DUBBS74R\OneDrive\Documentos\Programming\C++\Tetris\Tetris\src\all.cpp(76,19): warning C4018: '<': no coinciden signed/unsigned
C:\Users\curro.LAPTOP-DUBBS74R\OneDrive\Documentos\Programming\C++\Tetris\Tetris\src\all.cpp(79,115): warning C4244: 'argumento': conversión de 'int' a 'float'; posible pérdida de datos
C:\Users\curro.LAPTOP-DUBBS74R\OneDrive\Documentos\Programming\C++\Tetris\Tetris\src\all.cpp(79,63): warning C4244: 'argumento': conversión de 'int' a 'float'; posible pérdida de datos
C:\Users\curro.LAPTOP-DUBBS74R\OneDrive\Documentos\Programming\C++\Tetris\Tetris\src\all.cpp(80,90): warning C4244: 'argumento': conversión de 'int' a 'T'; posible pérdida de datos
          with
          [
              T=float
          ]
C:\Users\curro.LAPTOP-DUBBS74R\OneDrive\Documentos\Programming\C++\Tetris\Tetris\src\all.cpp(80,55): warning C4244: 'argumento': conversión de 'int' a 'T'; posible pérdida de datos
          with
          [
              T=float
          ]
C:\Users\curro.LAPTOP-DUBBS74R\OneDrive\Documentos\Programming\C++\Tetris\Tetris\src\all.cpp(243,19): warning C4018: '<': no coinciden signed/unsigned
C:\Users\curro.LAPTOP-DUBBS74R\OneDrive\Documentos\Programming\C++\Tetris\Tetris\src\all.cpp(246,111): warning C4244: 'argumento': conversión de 'int' a 'float'; posible pérdida de datos
C:\Users\curro.LAPTOP-DUBBS74R\OneDrive\Documentos\Programming\C++\Tetris\Tetris\src\all.cpp(246,61): warning C4244: 'argumento': conversión de 'int' a 'float'; posible pérdida de datos
C:\Users\curro.LAPTOP-DUBBS74R\OneDrive\Documentos\Programming\C++\Tetris\Tetris\src\all.cpp(247,90): warning C4244: 'argumento': conversión de 'int' a 'T'; posible pérdida de datos
          with
          [
              T=float
          ]
C:\Users\curro.LAPTOP-DUBBS74R\OneDrive\Documentos\Programming\C++\Tetris\Tetris\src\all.cpp(247,55): warning C4244: 'argumento': conversión de 'int' a 'T'; posible pérdida de datos
          with
          [
              T=float
          ]
C:\Users\curro.LAPTOP-DUBBS74R\OneDrive\Documentos\Programming\C++\Tetris\Tetris\src\all.cpp(285,19): warning C4018: '<': no coinciden signed/unsigned
C:\Users\curro.LAPTOP-DUBBS74R\OneDrive\Documentos\Programming\C++\Tetris\Tetris\src\all.cpp(295,27): warning C4018: '<': no coinciden signed/unsigned
C:\Users\curro.LAPTOP-DUBBS74R\OneDrive\Documentos\Programming\C++\Tetris\Tetris\src\all.cpp(360,19): warning C4018: '<': no coinciden signed/unsigned
C:\Users\curro.LAPTOP-DUBBS74R\OneDrive\Documentos\Programming\C++\Tetris\Tetris\src\all.cpp(440,19): warning C4018: '<': no coinciden signed/unsigned
C:\Users\curro.LAPTOP-DUBBS74R\OneDrive\Documentos\Programming\C++\Tetris\Tetris\src\all.cpp(446,53): warning C4244: 'argumento': conversión de 'int' a 'float'; posible pérdida de datos
C:\Users\curro.LAPTOP-DUBBS74R\OneDrive\Documentos\Programming\C++\Tetris\Tetris\src\all.cpp(446,41): warning C4244: 'argumento': conversión de 'int' a 'float'; posible pérdida de datos
C:\Users\curro.LAPTOP-DUBBS74R\OneDrive\Documentos\Programming\C++\Tetris\Tetris\src\all.cpp(447,72): warning C4244: 'argumento': conversión de 'int' a 'T'; posible pérdida de datos
          with
          [
              T=float
          ]
C:\Users\curro.LAPTOP-DUBBS74R\OneDrive\Documentos\Programming\C++\Tetris\Tetris\src\all.cpp(447,50): warning C4244: 'argumento': conversión de 'int' a 'T'; posible pérdida de datos
          with
          [
              T=float
          ]
C:\Users\curro.LAPTOP-DUBBS74R\OneDrive\Documentos\Programming\C++\Tetris\Tetris\src\all.cpp(459,58): warning C4244: 'argumento': conversión de 'int' a 'float'; posible pérdida de datos
C:\Users\curro.LAPTOP-DUBBS74R\OneDrive\Documentos\Programming\C++\Tetris\Tetris\src\all.cpp(459,33): warning C4244: 'argumento': conversión de 'int' a 'float'; posible pérdida de datos
C:\Users\curro.LAPTOP-DUBBS74R\OneDrive\Documentos\Programming\C++\Tetris\Tetris\src\all.cpp(467,74): warning C4244: 'argumento': conversión de 'int' a 'float'; posible pérdida de datos
C:\Users\curro.LAPTOP-DUBBS74R\OneDrive\Documentos\Programming\C++\Tetris\Tetris\src\all.cpp(467,47): warning C4244: 'argumento': conversión de 'int' a 'float'; posible pérdida de datos
C:\Users\curro.LAPTOP-DUBBS74R\OneDrive\Documentos\Programming\C++\Tetris\Tetris\src\all.cpp(468,84): warning C4244: 'argumento': conversión de 'int' a 'T'; posible pérdida de datos
          with
          [
              T=float
          ]
C:\Users\curro.LAPTOP-DUBBS74R\OneDrive\Documentos\Programming\C++\Tetris\Tetris\src\all.cpp(468,65): warning C4244: 'argumento': conversión de 'int' a 'T'; posible pérdida de datos
          with
          [
              T=float
          ]
C:\Users\curro.LAPTOP-DUBBS74R\OneDrive\Documentos\Programming\C++\Tetris\Tetris\src\all.cpp(488,19): warning C4018: '<': no coinciden signed/unsigned
C:\Users\curro.LAPTOP-DUBBS74R\OneDrive\Documentos\Programming\C++\Tetris\Tetris\src\all.cpp(491,130): warning C4244: 'argumento': conversión de 'int' a 'float'; posible pérdida de datos
C:\Users\curro.LAPTOP-DUBBS74R\OneDrive\Documentos\Programming\C++\Tetris\Tetris\src\all.cpp(491,76): warning C4244: 'argumento': conversión de 'int' a 'float'; posible pérdida de datos
C:\Users\curro.LAPTOP-DUBBS74R\OneDrive\Documentos\Programming\C++\Tetris\Tetris\src\all.cpp(492,91): warning C4244: 'argumento': conversión de 'int' a 'T'; posible pérdida de datos
          with
          [
              T=float
          ]
C:\Users\curro.LAPTOP-DUBBS74R\OneDrive\Documentos\Programming\C++\Tetris\Tetris\src\all.cpp(492,55): warning C4244: 'argumento': conversión de 'int' a 'T'; posible pérdida de datos
          with
          [
              T=float
          ]
C:\Users\curro.LAPTOP-DUBBS74R\OneDrive\Documentos\Programming\C++\Tetris\Tetris\src\all.cpp(504,19): warning C4018: '<': no coinciden signed/unsigned
C:\Users\curro.LAPTOP-DUBBS74R\OneDrive\Documentos\Programming\C++\Tetris\Tetris\src\all.cpp(507,115): warning C4244: 'argumento': conversión de 'int' a 'float'; posible pérdida de datos
C:\Users\curro.LAPTOP-DUBBS74R\OneDrive\Documentos\Programming\C++\Tetris\Tetris\src\all.cpp(507,63): warning C4244: 'argumento': conversión de 'int' a 'float'; posible pérdida de datos
C:\Users\curro.LAPTOP-DUBBS74R\OneDrive\Documentos\Programming\C++\Tetris\Tetris\src\all.cpp(508,90): warning C4244: 'argumento': conversión de 'int' a 'T'; posible pérdida de datos
          with
          [
              T=float
          ]
C:\Users\curro.LAPTOP-DUBBS74R\OneDrive\Documentos\Programming\C++\Tetris\Tetris\src\all.cpp(508,55): warning C4244: 'argumento': conversión de 'int' a 'T'; posible pérdida de datos
          with
          [
              T=float
          ]
  main.cpp
C:\Users\curro.LAPTOP-DUBBS74R\OneDrive\Documentos\Programming\C++\Tetris\Tetris\src\main.cpp(39,15): warning C4244: 'argumento': conversión de 'time_t' a 'unsigned int'; posible pérdida de datos
  Generando código...
  Tetris.vcxproj -> C:\Users\curro.LAPTOP-DUBBS74R\OneDrive\Documentos\Programming\C++\Tetris\output\MSVC\Debug\Tetris.exe
